2020-04-16 14:33:12,811 - Log4JLogChute initialized using file 'velocity.log'
2020-04-16 14:33:12,812 - Velocity was not initialized! Calling init()...
2020-04-16 14:33:12,812 - Starting Apache Velocity v1.5 (compiled: 2007-02-22 08:52:29)
2020-04-16 14:33:12,812 - Default Properties File: org\apache\velocity\runtime\defaults\velocity.properties
2020-04-16 14:33:12,812 - Trying to use logger class org.apache.velocity.runtime.log.AvalonLogChute
2020-04-16 14:33:12,816 - Couldn't find class org.apache.velocity.runtime.log.AvalonLogChute or necessary supporting classes in classpath.
java.lang.NoClassDefFoundError: org/apache/log/format/Formatter
	at java.lang.Class.forName0(Native Method)
	at java.lang.Class.forName(Unknown Source)
	at org.apache.velocity.util.ClassUtils.getClass(ClassUtils.java:63)
	at org.apache.velocity.util.ClassUtils.getNewInstance(ClassUtils.java:95)
	at org.apache.velocity.runtime.log.LogManager.createLogChute(LogManager.java:147)
	at org.apache.velocity.runtime.log.LogManager.updateLog(LogManager.java:208)
	at org.apache.velocity.runtime.RuntimeInstance.initializeLog(RuntimeInstance.java:728)
	at org.apache.velocity.runtime.RuntimeInstance.init(RuntimeInstance.java:240)
	at org.apache.velocity.runtime.RuntimeInstance.parse(RuntimeInstance.java:993)
	at org.apache.velocity.runtime.RuntimeInstance.parse(RuntimeInstance.java:972)
	at org.apache.velocity.runtime.RuntimeSingleton.parse(RuntimeSingleton.java:265)
	at org.apache.velocity.app.Velocity.evaluate(Velocity.java:274)
	at org.sonatype.mavenbook.weather.WeatherFormatter.format(WeatherFormatter.java:21)
	at org.sonatype.mavenbook.weather.WeatherFormatterTest.testFormat(WeatherFormatterTest.java:23)
	at sun.reflect.NativeMethodAccessorImpl.invoke0(Native Method)
	at sun.reflect.NativeMethodAccessorImpl.invoke(Unknown Source)
	at sun.reflect.DelegatingMethodAccessorImpl.invoke(Unknown Source)
	at java.lang.reflect.Method.invoke(Unknown Source)
	at junit.framework.TestCase.runTest(TestCase.java:176)
	at junit.framework.TestCase.runBare(TestCase.java:141)
	at junit.framework.TestResult$1.protect(TestResult.java:122)
	at junit.framework.TestResult.runProtected(TestResult.java:142)
	at junit.framework.TestResult.run(TestResult.java:125)
	at junit.framework.TestCase.run(TestCase.java:129)
	at junit.framework.TestSuite.runTest(TestSuite.java:252)
	at junit.framework.TestSuite.run(TestSuite.java:247)
	at org.junit.internal.runners.JUnit38ClassRunner.run(JUnit38ClassRunner.java:86)
	at org.apache.maven.surefire.junit4.JUnit4Provider.execute(JUnit4Provider.java:252)
	at org.apache.maven.surefire.junit4.JUnit4Provider.executeTestSet(JUnit4Provider.java:141)
	at org.apache.maven.surefire.junit4.JUnit4Provider.invoke(JUnit4Provider.java:112)
	at sun.reflect.NativeMethodAccessorImpl.invoke0(Native Method)
	at sun.reflect.NativeMethodAccessorImpl.invoke(Unknown Source)
	at sun.reflect.DelegatingMethodAccessorImpl.invoke(Unknown Source)
	at java.lang.reflect.Method.invoke(Unknown Source)
	at org.apache.maven.surefire.util.ReflectionUtils.invokeMethodWithArray(ReflectionUtils.java:189)
	at org.apache.maven.surefire.booter.ProviderFactory$ProviderProxy.invoke(ProviderFactory.java:165)
	at org.apache.maven.surefire.booter.ProviderFactory.invokeProvider(ProviderFactory.java:85)
	at org.apache.maven.surefire.booter.ForkedBooter.runSuitesInProcess(ForkedBooter.java:115)
	at org.apache.maven.surefire.booter.ForkedBooter.main(ForkedBooter.java:75)
Caused by: java.lang.ClassNotFoundException: org.apache.log.format.Formatter
	at java.net.URLClassLoader.findClass(Unknown Source)
	at java.lang.ClassLoader.loadClass(Unknown Source)
	at sun.misc.Launcher$AppClassLoader.loadClass(Unknown Source)
	at java.lang.ClassLoader.loadClass(Unknown Source)
	... 39 more
2020-04-16 14:33:12,819 - Trying to use logger class org.apache.velocity.runtime.log.Log4JLogChute
2020-04-16 14:33:12,819 - Using logger class org.apache.velocity.runtime.log.Log4JLogChute
2020-04-16 14:33:12,822 - Default ResourceManager initializing. (class org.apache.velocity.runtime.resource.ResourceManagerImpl)
2020-04-16 14:33:12,825 - ResourceLoader instantiated: org.apache.velocity.runtime.resource.loader.FileResourceLoader
2020-04-16 14:33:12,827 - Do unicode file recognition:  false
2020-04-16 14:33:12,827 - FileResourceLoader : adding path '.'
2020-04-16 14:33:12,836 - ResourceCache: initialized (class org.apache.velocity.runtime.resource.ResourceCacheImpl)
2020-04-16 14:33:12,837 - Loaded System Directive: org.apache.velocity.runtime.directive.Literal
2020-04-16 14:33:12,838 - Loaded System Directive: org.apache.velocity.runtime.directive.Macro
2020-04-16 14:33:12,839 - Loaded System Directive: org.apache.velocity.runtime.directive.Parse
2020-04-16 14:33:12,840 - Loaded System Directive: org.apache.velocity.runtime.directive.Include
2020-04-16 14:33:12,840 - Loaded System Directive: org.apache.velocity.runtime.directive.Foreach
2020-04-16 14:33:12,855 - Created '20' parsers.
2020-04-16 14:33:12,857 - Velocimacro : "velocimacro.library" is not set.  Trying default library: VM_global_library.vm
2020-04-16 14:33:12,857 - Velocimacro : Default library not found.
2020-04-16 14:33:12,858 - Velocimacro : allowInline = true : VMs can be defined inline in templates
2020-04-16 14:33:12,858 - Velocimacro : allowInlineToOverride = false : VMs defined inline may NOT replace previous VM definitions
2020-04-16 14:33:12,858 - Velocimacro : allowInlineLocal = false : VMs defined inline will be global in scope if allowed.
2020-04-16 14:33:12,858 - Velocimacro : autoload off : VM system will not automatically reload global library macros
2020-04-16 14:41:22,218 - Log4JLogChute initialized using file 'velocity.log'
2020-04-16 14:41:22,219 - Velocity was not initialized! Calling init()...
2020-04-16 14:41:22,219 - Starting Apache Velocity v1.5 (compiled: 2007-02-22 08:52:29)
2020-04-16 14:41:22,219 - Default Properties File: org\apache\velocity\runtime\defaults\velocity.properties
2020-04-16 14:41:22,219 - Trying to use logger class org.apache.velocity.runtime.log.AvalonLogChute
2020-04-16 14:41:22,219 - Couldn't find class org.apache.velocity.runtime.log.AvalonLogChute or necessary supporting classes in classpath.
java.lang.NoClassDefFoundError: org/apache/log/format/Formatter
	at java.lang.Class.forName0(Native Method)
	at java.lang.Class.forName(Unknown Source)
	at org.apache.velocity.util.ClassUtils.getClass(ClassUtils.java:63)
	at org.apache.velocity.util.ClassUtils.getNewInstance(ClassUtils.java:95)
	at org.apache.velocity.runtime.log.LogManager.createLogChute(LogManager.java:147)
	at org.apache.velocity.runtime.log.LogManager.updateLog(LogManager.java:208)
	at org.apache.velocity.runtime.RuntimeInstance.initializeLog(RuntimeInstance.java:728)
	at org.apache.velocity.runtime.RuntimeInstance.init(RuntimeInstance.java:240)
	at org.apache.velocity.runtime.RuntimeInstance.parse(RuntimeInstance.java:993)
	at org.apache.velocity.runtime.RuntimeInstance.parse(RuntimeInstance.java:972)
	at org.apache.velocity.runtime.RuntimeSingleton.parse(RuntimeSingleton.java:265)
	at org.apache.velocity.app.Velocity.evaluate(Velocity.java:274)
	at org.sonatype.mavenbook.weather.WeatherFormatter.format(WeatherFormatter.java:21)
	at org.sonatype.mavenbook.weather.WeatherFormatterTest.testFormat(WeatherFormatterTest.java:23)
	at sun.reflect.NativeMethodAccessorImpl.invoke0(Native Method)
	at sun.reflect.NativeMethodAccessorImpl.invoke(Unknown Source)
	at sun.reflect.DelegatingMethodAccessorImpl.invoke(Unknown Source)
	at java.lang.reflect.Method.invoke(Unknown Source)
	at junit.framework.TestCase.runTest(TestCase.java:176)
	at junit.framework.TestCase.runBare(TestCase.java:141)
	at junit.framework.TestResult$1.protect(TestResult.java:122)
	at junit.framework.TestResult.runProtected(TestResult.java:142)
	at junit.framework.TestResult.run(TestResult.java:125)
	at junit.framework.TestCase.run(TestCase.java:129)
	at junit.framework.TestSuite.runTest(TestSuite.java:252)
	at junit.framework.TestSuite.run(TestSuite.java:247)
	at org.junit.internal.runners.JUnit38ClassRunner.run(JUnit38ClassRunner.java:86)
	at org.apache.maven.surefire.junit4.JUnit4Provider.execute(JUnit4Provider.java:365)
	at org.apache.maven.surefire.junit4.JUnit4Provider.executeWithRerun(JUnit4Provider.java:273)
	at org.apache.maven.surefire.junit4.JUnit4Provider.executeTestSet(JUnit4Provider.java:238)
	at org.apache.maven.surefire.junit4.JUnit4Provider.invoke(JUnit4Provider.java:159)
	at org.apache.maven.surefire.booter.ForkedBooter.invokeProviderInSameClassLoader(ForkedBooter.java:384)
	at org.apache.maven.surefire.booter.ForkedBooter.runSuitesInProcess(ForkedBooter.java:345)
	at org.apache.maven.surefire.booter.ForkedBooter.execute(ForkedBooter.java:126)
	at org.apache.maven.surefire.booter.ForkedBooter.main(ForkedBooter.java:418)
Caused by: java.lang.ClassNotFoundException: org.apache.log.format.Formatter
	at java.net.URLClassLoader.findClass(Unknown Source)
	at java.lang.ClassLoader.loadClass(Unknown Source)
	at sun.misc.Launcher$AppClassLoader.loadClass(Unknown Source)
	at java.lang.ClassLoader.loadClass(Unknown Source)
	... 35 more
2020-04-16 14:41:22,220 - Trying to use logger class org.apache.velocity.runtime.log.Log4JLogChute
2020-04-16 14:41:22,220 - Using logger class org.apache.velocity.runtime.log.Log4JLogChute
2020-04-16 14:41:22,221 - Default ResourceManager initializing. (class org.apache.velocity.runtime.resource.ResourceManagerImpl)
2020-04-16 14:41:22,223 - ResourceLoader instantiated: org.apache.velocity.runtime.resource.loader.FileResourceLoader
2020-04-16 14:41:22,223 - Do unicode file recognition:  false
2020-04-16 14:41:22,223 - FileResourceLoader : adding path '.'
2020-04-16 14:41:22,229 - ResourceCache: initialized (class org.apache.velocity.runtime.resource.ResourceCacheImpl)
2020-04-16 14:41:22,230 - Loaded System Directive: org.apache.velocity.runtime.directive.Literal
2020-04-16 14:41:22,231 - Loaded System Directive: org.apache.velocity.runtime.directive.Macro
2020-04-16 14:41:22,231 - Loaded System Directive: org.apache.velocity.runtime.directive.Parse
2020-04-16 14:41:22,232 - Loaded System Directive: org.apache.velocity.runtime.directive.Include
2020-04-16 14:41:22,232 - Loaded System Directive: org.apache.velocity.runtime.directive.Foreach
2020-04-16 14:41:22,246 - Created '20' parsers.
2020-04-16 14:41:22,250 - Velocimacro : "velocimacro.library" is not set.  Trying default library: VM_global_library.vm
2020-04-16 14:41:22,250 - Velocimacro : Default library not found.
2020-04-16 14:41:22,250 - Velocimacro : allowInline = true : VMs can be defined inline in templates
2020-04-16 14:41:22,250 - Velocimacro : allowInlineToOverride = false : VMs defined inline may NOT replace previous VM definitions
2020-04-16 14:41:22,250 - Velocimacro : allowInlineLocal = false : VMs defined inline will be global in scope if allowed.
2020-04-16 14:41:22,250 - Velocimacro : autoload off : VM system will not automatically reload global library macros
2020-04-16 14:43:32,429 - Log4JLogChute initialized using file 'velocity.log'
2020-04-16 14:43:32,430 - Velocity was not initialized! Calling init()...
2020-04-16 14:43:32,430 - Starting Apache Velocity v1.5 (compiled: 2007-02-22 08:52:29)
2020-04-16 14:43:32,430 - Default Properties File: org\apache\velocity\runtime\defaults\velocity.properties
2020-04-16 14:43:32,430 - Trying to use logger class org.apache.velocity.runtime.log.AvalonLogChute
2020-04-16 14:43:32,430 - Couldn't find class org.apache.velocity.runtime.log.AvalonLogChute or necessary supporting classes in classpath.
java.lang.NoClassDefFoundError: org/apache/log/format/Formatter
	at java.lang.Class.forName0(Native Method)
	at java.lang.Class.forName(Unknown Source)
	at org.apache.velocity.util.ClassUtils.getClass(ClassUtils.java:63)
	at org.apache.velocity.util.ClassUtils.getNewInstance(ClassUtils.java:95)
	at org.apache.velocity.runtime.log.LogManager.createLogChute(LogManager.java:147)
	at org.apache.velocity.runtime.log.LogManager.updateLog(LogManager.java:208)
	at org.apache.velocity.runtime.RuntimeInstance.initializeLog(RuntimeInstance.java:728)
	at org.apache.velocity.runtime.RuntimeInstance.init(RuntimeInstance.java:240)
	at org.apache.velocity.runtime.RuntimeInstance.parse(RuntimeInstance.java:993)
	at org.apache.velocity.runtime.RuntimeInstance.parse(RuntimeInstance.java:972)
	at org.apache.velocity.runtime.RuntimeSingleton.parse(RuntimeSingleton.java:265)
	at org.apache.velocity.app.Velocity.evaluate(Velocity.java:274)
	at org.sonatype.mavenbook.weather.WeatherFormatter.format(WeatherFormatter.java:21)
	at org.sonatype.mavenbook.weather.WeatherFormatterTest.testFormat(WeatherFormatterTest.java:23)
	at sun.reflect.NativeMethodAccessorImpl.invoke0(Native Method)
	at sun.reflect.NativeMethodAccessorImpl.invoke(Unknown Source)
	at sun.reflect.DelegatingMethodAccessorImpl.invoke(Unknown Source)
	at java.lang.reflect.Method.invoke(Unknown Source)
	at junit.framework.TestCase.runTest(TestCase.java:176)
	at junit.framework.TestCase.runBare(TestCase.java:141)
	at junit.framework.TestResult$1.protect(TestResult.java:122)
	at junit.framework.TestResult.runProtected(TestResult.java:142)
	at junit.framework.TestResult.run(TestResult.java:125)
	at junit.framework.TestCase.run(TestCase.java:129)
	at junit.framework.TestSuite.runTest(TestSuite.java:252)
	at junit.framework.TestSuite.run(TestSuite.java:247)
	at org.junit.internal.runners.JUnit38ClassRunner.run(JUnit38ClassRunner.java:86)
	at org.apache.maven.surefire.junit4.JUnit4Provider.execute(JUnit4Provider.java:365)
	at org.apache.maven.surefire.junit4.JUnit4Provider.executeWithRerun(JUnit4Provider.java:273)
	at org.apache.maven.surefire.junit4.JUnit4Provider.executeTestSet(JUnit4Provider.java:238)
	at org.apache.maven.surefire.junit4.JUnit4Provider.invoke(JUnit4Provider.java:159)
	at org.apache.maven.surefire.booter.ForkedBooter.invokeProviderInSameClassLoader(ForkedBooter.java:384)
	at org.apache.maven.surefire.booter.ForkedBooter.runSuitesInProcess(ForkedBooter.java:345)
	at org.apache.maven.surefire.booter.ForkedBooter.execute(ForkedBooter.java:126)
	at org.apache.maven.surefire.booter.ForkedBooter.main(ForkedBooter.java:418)
Caused by: java.lang.ClassNotFoundException: org.apache.log.format.Formatter
	at java.net.URLClassLoader.findClass(Unknown Source)
	at java.lang.ClassLoader.loadClass(Unknown Source)
	at sun.misc.Launcher$AppClassLoader.loadClass(Unknown Source)
	at java.lang.ClassLoader.loadClass(Unknown Source)
	... 35 more
2020-04-16 14:43:32,431 - Trying to use logger class org.apache.velocity.runtime.log.Log4JLogChute
2020-04-16 14:43:32,431 - Using logger class org.apache.velocity.runtime.log.Log4JLogChute
2020-04-16 14:43:32,432 - Default ResourceManager initializing. (class org.apache.velocity.runtime.resource.ResourceManagerImpl)
2020-04-16 14:43:32,435 - ResourceLoader instantiated: org.apache.velocity.runtime.resource.loader.FileResourceLoader
2020-04-16 14:43:32,436 - Do unicode file recognition:  false
2020-04-16 14:43:32,436 - FileResourceLoader : adding path '.'
2020-04-16 14:43:32,444 - ResourceCache: initialized (class org.apache.velocity.runtime.resource.ResourceCacheImpl)
2020-04-16 14:43:32,445 - Loaded System Directive: org.apache.velocity.runtime.directive.Literal
2020-04-16 14:43:32,446 - Loaded System Directive: org.apache.velocity.runtime.directive.Macro
2020-04-16 14:43:32,447 - Loaded System Directive: org.apache.velocity.runtime.directive.Parse
2020-04-16 14:43:32,448 - Loaded System Directive: org.apache.velocity.runtime.directive.Include
2020-04-16 14:43:32,449 - Loaded System Directive: org.apache.velocity.runtime.directive.Foreach
2020-04-16 14:43:32,464 - Created '20' parsers.
2020-04-16 14:43:32,471 - Velocimacro : "velocimacro.library" is not set.  Trying default library: VM_global_library.vm
2020-04-16 14:43:32,471 - Velocimacro : Default library not found.
2020-04-16 14:43:32,471 - Velocimacro : allowInline = true : VMs can be defined inline in templates
2020-04-16 14:43:32,471 - Velocimacro : allowInlineToOverride = false : VMs defined inline may NOT replace previous VM definitions
2020-04-16 14:43:32,471 - Velocimacro : allowInlineLocal = false : VMs defined inline will be global in scope if allowed.
2020-04-16 14:43:32,472 - Velocimacro : autoload off : VM system will not automatically reload global library macros
2020-04-16 14:43:41,455 - Log4JLogChute initialized using file 'velocity.log'
2020-04-16 14:43:41,455 - Velocity was not initialized! Calling init()...
2020-04-16 14:43:41,455 - Starting Apache Velocity v1.5 (compiled: 2007-02-22 08:52:29)
2020-04-16 14:43:41,455 - Default Properties File: org\apache\velocity\runtime\defaults\velocity.properties
2020-04-16 14:43:41,455 - Trying to use logger class org.apache.velocity.runtime.log.AvalonLogChute
2020-04-16 14:43:41,456 - Couldn't find class org.apache.velocity.runtime.log.AvalonLogChute or necessary supporting classes in classpath.
java.lang.NoClassDefFoundError: org/apache/log/format/Formatter
	at java.base/java.lang.Class.forName0(Native Method)
	at java.base/java.lang.Class.forName(Class.java:416)
	at org.apache.velocity.util.ClassUtils.getClass(ClassUtils.java:63)
	at org.apache.velocity.util.ClassUtils.getNewInstance(ClassUtils.java:95)
	at org.apache.velocity.runtime.log.LogManager.createLogChute(LogManager.java:147)
	at org.apache.velocity.runtime.log.LogManager.updateLog(LogManager.java:208)
	at org.apache.velocity.runtime.RuntimeInstance.initializeLog(RuntimeInstance.java:728)
	at org.apache.velocity.runtime.RuntimeInstance.init(RuntimeInstance.java:240)
	at org.apache.velocity.runtime.RuntimeInstance.parse(RuntimeInstance.java:993)
	at org.apache.velocity.runtime.RuntimeInstance.parse(RuntimeInstance.java:972)
	at org.apache.velocity.runtime.RuntimeSingleton.parse(RuntimeSingleton.java:265)
	at org.apache.velocity.app.Velocity.evaluate(Velocity.java:274)
	at org.sonatype.mavenbook.weather.WeatherFormatter.format(WeatherFormatter.java:21)
	at org.sonatype.mavenbook.weather.Main.start(Main.java:38)
	at org.sonatype.mavenbook.weather.Main.main(Main.java:21)
	at java.base/jdk.internal.reflect.NativeMethodAccessorImpl.invoke0(Native Method)
	at java.base/jdk.internal.reflect.NativeMethodAccessorImpl.invoke(NativeMethodAccessorImpl.java:62)
	at java.base/jdk.internal.reflect.DelegatingMethodAccessorImpl.invoke(DelegatingMethodAccessorImpl.java:43)
	at java.base/java.lang.reflect.Method.invoke(Method.java:567)
	at org.codehaus.mojo.exec.ExecJavaMojo$1.run(ExecJavaMojo.java:282)
	at java.base/java.lang.Thread.run(Thread.java:830)
Caused by: java.lang.ClassNotFoundException: org.apache.log.format.Formatter
	at java.base/java.net.URLClassLoader.findClass(URLClassLoader.java:436)
	at java.base/java.lang.ClassLoader.loadClass(ClassLoader.java:588)
	at java.base/java.lang.ClassLoader.loadClass(ClassLoader.java:521)
	... 21 more
2020-04-16 14:43:41,457 - Trying to use logger class org.apache.velocity.runtime.log.Log4JLogChute
2020-04-16 14:43:41,457 - Using logger class org.apache.velocity.runtime.log.Log4JLogChute
2020-04-16 14:43:41,457 - Default ResourceManager initializing. (class org.apache.velocity.runtime.resource.ResourceManagerImpl)
2020-04-16 14:43:41,459 - ResourceLoader instantiated: org.apache.velocity.runtime.resource.loader.FileResourceLoader
2020-04-16 14:43:41,459 - Do unicode file recognition:  false
2020-04-16 14:43:41,459 - FileResourceLoader : adding path '.'
2020-04-16 14:43:41,464 - ResourceCache: initialized (class org.apache.velocity.runtime.resource.ResourceCacheImpl)
2020-04-16 14:43:41,464 - Loaded System Directive: org.apache.velocity.runtime.directive.Literal
2020-04-16 14:43:41,465 - Loaded System Directive: org.apache.velocity.runtime.directive.Macro
2020-04-16 14:43:41,465 - Loaded System Directive: org.apache.velocity.runtime.directive.Parse
2020-04-16 14:43:41,466 - Loaded System Directive: org.apache.velocity.runtime.directive.Include
2020-04-16 14:43:41,466 - Loaded System Directive: org.apache.velocity.runtime.directive.Foreach
2020-04-16 14:43:41,478 - Created '20' parsers.
2020-04-16 14:43:41,480 - Velocimacro : "velocimacro.library" is not set.  Trying default library: VM_global_library.vm
2020-04-16 14:43:41,480 - Velocimacro : Default library not found.
2020-04-16 14:43:41,480 - Velocimacro : allowInline = true : VMs can be defined inline in templates
2020-04-16 14:43:41,480 - Velocimacro : allowInlineToOverride = false : VMs defined inline may NOT replace previous VM definitions
2020-04-16 14:43:41,480 - Velocimacro : allowInlineLocal = false : VMs defined inline will be global in scope if allowed.
2020-04-16 14:43:41,480 - Velocimacro : autoload off : VM system will not automatically reload global library macros
2020-04-16 14:45:35,510 - Log4JLogChute initialized using file 'velocity.log'
2020-04-16 14:45:35,510 - Velocity was not initialized! Calling init()...
2020-04-16 14:45:35,510 - Starting Apache Velocity v1.5 (compiled: 2007-02-22 08:52:29)
2020-04-16 14:45:35,510 - Default Properties File: org\apache\velocity\runtime\defaults\velocity.properties
2020-04-16 14:45:35,510 - Trying to use logger class org.apache.velocity.runtime.log.AvalonLogChute
2020-04-16 14:45:35,511 - Couldn't find class org.apache.velocity.runtime.log.AvalonLogChute or necessary supporting classes in classpath.
java.lang.NoClassDefFoundError: org/apache/log/format/Formatter
	at java.base/java.lang.Class.forName0(Native Method)
	at java.base/java.lang.Class.forName(Class.java:416)
	at org.apache.velocity.util.ClassUtils.getClass(ClassUtils.java:63)
	at org.apache.velocity.util.ClassUtils.getNewInstance(ClassUtils.java:95)
	at org.apache.velocity.runtime.log.LogManager.createLogChute(LogManager.java:147)
	at org.apache.velocity.runtime.log.LogManager.updateLog(LogManager.java:208)
	at org.apache.velocity.runtime.RuntimeInstance.initializeLog(RuntimeInstance.java:728)
	at org.apache.velocity.runtime.RuntimeInstance.init(RuntimeInstance.java:240)
	at org.apache.velocity.runtime.RuntimeInstance.parse(RuntimeInstance.java:993)
	at org.apache.velocity.runtime.RuntimeInstance.parse(RuntimeInstance.java:972)
	at org.apache.velocity.runtime.RuntimeSingleton.parse(RuntimeSingleton.java:265)
	at org.apache.velocity.app.Velocity.evaluate(Velocity.java:274)
	at org.sonatype.mavenbook.weather.WeatherFormatter.format(WeatherFormatter.java:21)
	at org.sonatype.mavenbook.weather.WeatherFormatterTest.testFormat(WeatherFormatterTest.java:23)
	at java.base/jdk.internal.reflect.NativeMethodAccessorImpl.invoke0(Native Method)
	at java.base/jdk.internal.reflect.NativeMethodAccessorImpl.invoke(NativeMethodAccessorImpl.java:62)
	at java.base/jdk.internal.reflect.DelegatingMethodAccessorImpl.invoke(DelegatingMethodAccessorImpl.java:43)
	at java.base/java.lang.reflect.Method.invoke(Method.java:567)
	at junit.framework.TestCase.runTest(TestCase.java:176)
	at junit.framework.TestCase.runBare(TestCase.java:141)
	at junit.framework.TestResult$1.protect(TestResult.java:122)
	at junit.framework.TestResult.runProtected(TestResult.java:142)
	at junit.framework.TestResult.run(TestResult.java:125)
	at junit.framework.TestCase.run(TestCase.java:129)
	at junit.framework.TestSuite.runTest(TestSuite.java:252)
	at junit.framework.TestSuite.run(TestSuite.java:247)
	at org.junit.internal.runners.JUnit38ClassRunner.run(JUnit38ClassRunner.java:86)
	at org.apache.maven.surefire.junit4.JUnit4Provider.execute(JUnit4Provider.java:365)
	at org.apache.maven.surefire.junit4.JUnit4Provider.executeWithRerun(JUnit4Provider.java:273)
	at org.apache.maven.surefire.junit4.JUnit4Provider.executeTestSet(JUnit4Provider.java:238)
	at org.apache.maven.surefire.junit4.JUnit4Provider.invoke(JUnit4Provider.java:159)
	at org.apache.maven.surefire.booter.ForkedBooter.invokeProviderInSameClassLoader(ForkedBooter.java:384)
	at org.apache.maven.surefire.booter.ForkedBooter.runSuitesInProcess(ForkedBooter.java:345)
	at org.apache.maven.surefire.booter.ForkedBooter.execute(ForkedBooter.java:126)
	at org.apache.maven.surefire.booter.ForkedBooter.main(ForkedBooter.java:418)
Caused by: java.lang.ClassNotFoundException: org.apache.log.format.Formatter
	at java.base/jdk.internal.loader.BuiltinClassLoader.loadClass(BuiltinClassLoader.java:604)
	at java.base/jdk.internal.loader.ClassLoaders$AppClassLoader.loadClass(ClassLoaders.java:178)
	at java.base/java.lang.ClassLoader.loadClass(ClassLoader.java:521)
	... 35 more
2020-04-16 14:45:35,512 - Trying to use logger class org.apache.velocity.runtime.log.Log4JLogChute
2020-04-16 14:45:35,512 - Using logger class org.apache.velocity.runtime.log.Log4JLogChute
2020-04-16 14:45:35,513 - Default ResourceManager initializing. (class org.apache.velocity.runtime.resource.ResourceManagerImpl)
2020-04-16 14:45:35,514 - ResourceLoader instantiated: org.apache.velocity.runtime.resource.loader.FileResourceLoader
2020-04-16 14:45:35,515 - Do unicode file recognition:  false
2020-04-16 14:45:35,515 - FileResourceLoader : adding path '.'
2020-04-16 14:45:35,521 - ResourceCache: initialized (class org.apache.velocity.runtime.resource.ResourceCacheImpl)
2020-04-16 14:45:35,522 - Loaded System Directive: org.apache.velocity.runtime.directive.Literal
2020-04-16 14:45:35,522 - Loaded System Directive: org.apache.velocity.runtime.directive.Macro
2020-04-16 14:45:35,523 - Loaded System Directive: org.apache.velocity.runtime.directive.Parse
2020-04-16 14:45:35,524 - Loaded System Directive: org.apache.velocity.runtime.directive.Include
2020-04-16 14:45:35,524 - Loaded System Directive: org.apache.velocity.runtime.directive.Foreach
2020-04-16 14:45:35,537 - Created '20' parsers.
2020-04-16 14:45:35,540 - Velocimacro : "velocimacro.library" is not set.  Trying default library: VM_global_library.vm
2020-04-16 14:45:35,540 - Velocimacro : Default library not found.
2020-04-16 14:45:35,540 - Velocimacro : allowInline = true : VMs can be defined inline in templates
2020-04-16 14:45:35,540 - Velocimacro : allowInlineToOverride = false : VMs defined inline may NOT replace previous VM definitions
2020-04-16 14:45:35,540 - Velocimacro : allowInlineLocal = false : VMs defined inline will be global in scope if allowed.
2020-04-16 14:45:35,541 - Velocimacro : autoload off : VM system will not automatically reload global library macros
2020-04-16 14:45:43,413 - Log4JLogChute initialized using file 'velocity.log'
2020-04-16 14:45:43,413 - Velocity was not initialized! Calling init()...
2020-04-16 14:45:43,414 - Starting Apache Velocity v1.5 (compiled: 2007-02-22 08:52:29)
2020-04-16 14:45:43,414 - Default Properties File: org\apache\velocity\runtime\defaults\velocity.properties
2020-04-16 14:45:43,414 - Trying to use logger class org.apache.velocity.runtime.log.AvalonLogChute
2020-04-16 14:45:43,414 - Couldn't find class org.apache.velocity.runtime.log.AvalonLogChute or necessary supporting classes in classpath.
java.lang.NoClassDefFoundError: org/apache/log/format/Formatter
	at java.base/java.lang.Class.forName0(Native Method)
	at java.base/java.lang.Class.forName(Class.java:416)
	at org.apache.velocity.util.ClassUtils.getClass(ClassUtils.java:63)
	at org.apache.velocity.util.ClassUtils.getNewInstance(ClassUtils.java:95)
	at org.apache.velocity.runtime.log.LogManager.createLogChute(LogManager.java:147)
	at org.apache.velocity.runtime.log.LogManager.updateLog(LogManager.java:208)
	at org.apache.velocity.runtime.RuntimeInstance.initializeLog(RuntimeInstance.java:728)
	at org.apache.velocity.runtime.RuntimeInstance.init(RuntimeInstance.java:240)
	at org.apache.velocity.runtime.RuntimeInstance.parse(RuntimeInstance.java:993)
	at org.apache.velocity.runtime.RuntimeInstance.parse(RuntimeInstance.java:972)
	at org.apache.velocity.runtime.RuntimeSingleton.parse(RuntimeSingleton.java:265)
	at org.apache.velocity.app.Velocity.evaluate(Velocity.java:274)
	at org.sonatype.mavenbook.weather.WeatherFormatter.format(WeatherFormatter.java:21)
	at org.sonatype.mavenbook.weather.Main.start(Main.java:38)
	at org.sonatype.mavenbook.weather.Main.main(Main.java:21)
	at java.base/jdk.internal.reflect.NativeMethodAccessorImpl.invoke0(Native Method)
	at java.base/jdk.internal.reflect.NativeMethodAccessorImpl.invoke(NativeMethodAccessorImpl.java:62)
	at java.base/jdk.internal.reflect.DelegatingMethodAccessorImpl.invoke(DelegatingMethodAccessorImpl.java:43)
	at java.base/java.lang.reflect.Method.invoke(Method.java:567)
	at org.codehaus.mojo.exec.ExecJavaMojo$1.run(ExecJavaMojo.java:282)
	at java.base/java.lang.Thread.run(Thread.java:830)
Caused by: java.lang.ClassNotFoundException: org.apache.log.format.Formatter
	at java.base/java.net.URLClassLoader.findClass(URLClassLoader.java:436)
	at java.base/java.lang.ClassLoader.loadClass(ClassLoader.java:588)
	at java.base/java.lang.ClassLoader.loadClass(ClassLoader.java:521)
	... 21 more
2020-04-16 14:45:43,415 - Trying to use logger class org.apache.velocity.runtime.log.Log4JLogChute
2020-04-16 14:45:43,415 - Using logger class org.apache.velocity.runtime.log.Log4JLogChute
2020-04-16 14:45:43,416 - Default ResourceManager initializing. (class org.apache.velocity.runtime.resource.ResourceManagerImpl)
2020-04-16 14:45:43,417 - ResourceLoader instantiated: org.apache.velocity.runtime.resource.loader.FileResourceLoader
2020-04-16 14:45:43,418 - Do unicode file recognition:  false
2020-04-16 14:45:43,418 - FileResourceLoader : adding path '.'
2020-04-16 14:45:43,423 - ResourceCache: initialized (class org.apache.velocity.runtime.resource.ResourceCacheImpl)
2020-04-16 14:45:43,423 - Loaded System Directive: org.apache.velocity.runtime.directive.Literal
2020-04-16 14:45:43,424 - Loaded System Directive: org.apache.velocity.runtime.directive.Macro
2020-04-16 14:45:43,424 - Loaded System Directive: org.apache.velocity.runtime.directive.Parse
2020-04-16 14:45:43,425 - Loaded System Directive: org.apache.velocity.runtime.directive.Include
2020-04-16 14:45:43,425 - Loaded System Directive: org.apache.velocity.runtime.directive.Foreach
2020-04-16 14:45:43,437 - Created '20' parsers.
2020-04-16 14:45:43,440 - Velocimacro : "velocimacro.library" is not set.  Trying default library: VM_global_library.vm
2020-04-16 14:45:43,440 - Velocimacro : Default library not found.
2020-04-16 14:45:43,440 - Velocimacro : allowInline = true : VMs can be defined inline in templates
2020-04-16 14:45:43,440 - Velocimacro : allowInlineToOverride = false : VMs defined inline may NOT replace previous VM definitions
2020-04-16 14:45:43,440 - Velocimacro : allowInlineLocal = false : VMs defined inline will be global in scope if allowed.
2020-04-16 14:45:43,440 - Velocimacro : autoload off : VM system will not automatically reload global library macros
2020-04-21 09:31:40,522 - Log4JLogChute initialized using file 'velocity.log'
2020-04-21 09:31:40,523 - Velocity was not initialized! Calling init()...
2020-04-21 09:31:40,523 - Starting Apache Velocity v1.5 (compiled: 2007-02-22 08:52:29)
2020-04-21 09:31:40,523 - Default Properties File: org\apache\velocity\runtime\defaults\velocity.properties
2020-04-21 09:31:40,523 - Trying to use logger class org.apache.velocity.runtime.log.AvalonLogChute
2020-04-21 09:31:40,523 - Couldn't find class org.apache.velocity.runtime.log.AvalonLogChute or necessary supporting classes in classpath.
java.lang.NoClassDefFoundError: org/apache/log/format/Formatter
	at java.lang.Class.forName0(Native Method)
	at java.lang.Class.forName(Unknown Source)
	at org.apache.velocity.util.ClassUtils.getClass(ClassUtils.java:63)
	at org.apache.velocity.util.ClassUtils.getNewInstance(ClassUtils.java:95)
	at org.apache.velocity.runtime.log.LogManager.createLogChute(LogManager.java:147)
	at org.apache.velocity.runtime.log.LogManager.updateLog(LogManager.java:208)
	at org.apache.velocity.runtime.RuntimeInstance.initializeLog(RuntimeInstance.java:728)
	at org.apache.velocity.runtime.RuntimeInstance.init(RuntimeInstance.java:240)
	at org.apache.velocity.runtime.RuntimeInstance.parse(RuntimeInstance.java:993)
	at org.apache.velocity.runtime.RuntimeInstance.parse(RuntimeInstance.java:972)
	at org.apache.velocity.runtime.RuntimeSingleton.parse(RuntimeSingleton.java:265)
	at org.apache.velocity.app.Velocity.evaluate(Velocity.java:274)
	at org.sonatype.mavenbook.weather.WeatherFormatter.format(WeatherFormatter.java:21)
	at org.sonatype.mavenbook.weather.WeatherFormatterTest.testFormat(WeatherFormatterTest.java:23)
	at sun.reflect.NativeMethodAccessorImpl.invoke0(Native Method)
	at sun.reflect.NativeMethodAccessorImpl.invoke(Unknown Source)
	at sun.reflect.DelegatingMethodAccessorImpl.invoke(Unknown Source)
	at java.lang.reflect.Method.invoke(Unknown Source)
	at junit.framework.TestCase.runTest(TestCase.java:176)
	at junit.framework.TestCase.runBare(TestCase.java:141)
	at junit.framework.TestResult$1.protect(TestResult.java:122)
	at junit.framework.TestResult.runProtected(TestResult.java:142)
	at junit.framework.TestResult.run(TestResult.java:125)
	at junit.framework.TestCase.run(TestCase.java:129)
	at junit.framework.TestSuite.runTest(TestSuite.java:252)
	at junit.framework.TestSuite.run(TestSuite.java:247)
	at org.junit.internal.runners.JUnit38ClassRunner.run(JUnit38ClassRunner.java:86)
	at org.apache.maven.surefire.junit4.JUnit4Provider.execute(JUnit4Provider.java:365)
	at org.apache.maven.surefire.junit4.JUnit4Provider.executeWithRerun(JUnit4Provider.java:273)
	at org.apache.maven.surefire.junit4.JUnit4Provider.executeTestSet(JUnit4Provider.java:238)
	at org.apache.maven.surefire.junit4.JUnit4Provider.invoke(JUnit4Provider.java:159)
	at org.apache.maven.surefire.booter.ForkedBooter.invokeProviderInSameClassLoader(ForkedBooter.java:384)
	at org.apache.maven.surefire.booter.ForkedBooter.runSuitesInProcess(ForkedBooter.java:345)
	at org.apache.maven.surefire.booter.ForkedBooter.execute(ForkedBooter.java:126)
	at org.apache.maven.surefire.booter.ForkedBooter.main(ForkedBooter.java:418)
Caused by: java.lang.ClassNotFoundException: org.apache.log.format.Formatter
	at java.net.URLClassLoader.findClass(Unknown Source)
	at java.lang.ClassLoader.loadClass(Unknown Source)
	at sun.misc.Launcher$AppClassLoader.loadClass(Unknown Source)
	at java.lang.ClassLoader.loadClass(Unknown Source)
	... 35 more
2020-04-21 09:31:40,524 - Trying to use logger class org.apache.velocity.runtime.log.Log4JLogChute
2020-04-21 09:31:40,524 - Using logger class org.apache.velocity.runtime.log.Log4JLogChute
2020-04-21 09:31:40,525 - Default ResourceManager initializing. (class org.apache.velocity.runtime.resource.ResourceManagerImpl)
2020-04-21 09:31:40,527 - ResourceLoader instantiated: org.apache.velocity.runtime.resource.loader.FileResourceLoader
2020-04-21 09:31:40,527 - Do unicode file recognition:  false
2020-04-21 09:31:40,527 - FileResourceLoader : adding path '.'
2020-04-21 09:31:40,533 - ResourceCache: initialized (class org.apache.velocity.runtime.resource.ResourceCacheImpl)
2020-04-21 09:31:40,534 - Loaded System Directive: org.apache.velocity.runtime.directive.Literal
2020-04-21 09:31:40,535 - Loaded System Directive: org.apache.velocity.runtime.directive.Macro
2020-04-21 09:31:40,535 - Loaded System Directive: org.apache.velocity.runtime.directive.Parse
2020-04-21 09:31:40,537 - Loaded System Directive: org.apache.velocity.runtime.directive.Include
2020-04-21 09:31:40,537 - Loaded System Directive: org.apache.velocity.runtime.directive.Foreach
2020-04-21 09:31:40,550 - Created '20' parsers.
2020-04-21 09:31:40,555 - Velocimacro : "velocimacro.library" is not set.  Trying default library: VM_global_library.vm
2020-04-21 09:31:40,555 - Velocimacro : Default library not found.
2020-04-21 09:31:40,555 - Velocimacro : allowInline = true : VMs can be defined inline in templates
2020-04-21 09:31:40,555 - Velocimacro : allowInlineToOverride = false : VMs defined inline may NOT replace previous VM definitions
2020-04-21 09:31:40,555 - Velocimacro : allowInlineLocal = false : VMs defined inline will be global in scope if allowed.
2020-04-21 09:31:40,555 - Velocimacro : autoload off : VM system will not automatically reload global library macros
2020-04-21 09:39:51,232 - Log4JLogChute initialized using file 'velocity.log'
2020-04-21 09:39:51,232 - Velocity was not initialized! Calling init()...
2020-04-21 09:39:51,232 - Starting Apache Velocity v1.5 (compiled: 2007-02-22 08:52:29)
2020-04-21 09:39:51,232 - Default Properties File: org\apache\velocity\runtime\defaults\velocity.properties
2020-04-21 09:39:51,232 - Trying to use logger class org.apache.velocity.runtime.log.AvalonLogChute
2020-04-21 09:39:51,232 - Couldn't find class org.apache.velocity.runtime.log.AvalonLogChute or necessary supporting classes in classpath.
java.lang.NoClassDefFoundError: org/apache/log/format/Formatter
	at java.base/java.lang.Class.forName0(Native Method)
	at java.base/java.lang.Class.forName(Class.java:416)
	at org.apache.velocity.util.ClassUtils.getClass(ClassUtils.java:63)
	at org.apache.velocity.util.ClassUtils.getNewInstance(ClassUtils.java:95)
	at org.apache.velocity.runtime.log.LogManager.createLogChute(LogManager.java:147)
	at org.apache.velocity.runtime.log.LogManager.updateLog(LogManager.java:208)
	at org.apache.velocity.runtime.RuntimeInstance.initializeLog(RuntimeInstance.java:728)
	at org.apache.velocity.runtime.RuntimeInstance.init(RuntimeInstance.java:240)
	at org.apache.velocity.runtime.RuntimeInstance.parse(RuntimeInstance.java:993)
	at org.apache.velocity.runtime.RuntimeInstance.parse(RuntimeInstance.java:972)
	at org.apache.velocity.runtime.RuntimeSingleton.parse(RuntimeSingleton.java:265)
	at org.apache.velocity.app.Velocity.evaluate(Velocity.java:274)
	at org.sonatype.mavenbook.weather.WeatherFormatter.format(WeatherFormatter.java:21)
	at org.sonatype.mavenbook.weather.Main.start(Main.java:38)
	at org.sonatype.mavenbook.weather.Main.main(Main.java:21)
	at java.base/jdk.internal.reflect.NativeMethodAccessorImpl.invoke0(Native Method)
	at java.base/jdk.internal.reflect.NativeMethodAccessorImpl.invoke(NativeMethodAccessorImpl.java:62)
	at java.base/jdk.internal.reflect.DelegatingMethodAccessorImpl.invoke(DelegatingMethodAccessorImpl.java:43)
	at java.base/java.lang.reflect.Method.invoke(Method.java:567)
	at org.codehaus.mojo.exec.ExecJavaMojo$1.run(ExecJavaMojo.java:282)
	at java.base/java.lang.Thread.run(Thread.java:830)
Caused by: java.lang.ClassNotFoundException: org.apache.log.format.Formatter
	at java.base/java.net.URLClassLoader.findClass(URLClassLoader.java:436)
	at java.base/java.lang.ClassLoader.loadClass(ClassLoader.java:588)
	at java.base/java.lang.ClassLoader.loadClass(ClassLoader.java:521)
	... 21 more
2020-04-21 09:39:51,233 - Trying to use logger class org.apache.velocity.runtime.log.Log4JLogChute
2020-04-21 09:39:51,233 - Using logger class org.apache.velocity.runtime.log.Log4JLogChute
2020-04-21 09:39:51,234 - Default ResourceManager initializing. (class org.apache.velocity.runtime.resource.ResourceManagerImpl)
2020-04-21 09:39:51,236 - ResourceLoader instantiated: org.apache.velocity.runtime.resource.loader.FileResourceLoader
2020-04-21 09:39:51,236 - Do unicode file recognition:  false
2020-04-21 09:39:51,236 - FileResourceLoader : adding path '.'
2020-04-21 09:39:51,241 - ResourceCache: initialized (class org.apache.velocity.runtime.resource.ResourceCacheImpl)
2020-04-21 09:39:51,241 - Loaded System Directive: org.apache.velocity.runtime.directive.Literal
2020-04-21 09:39:51,242 - Loaded System Directive: org.apache.velocity.runtime.directive.Macro
2020-04-21 09:39:51,242 - Loaded System Directive: org.apache.velocity.runtime.directive.Parse
2020-04-21 09:39:51,243 - Loaded System Directive: org.apache.velocity.runtime.directive.Include
2020-04-21 09:39:51,243 - Loaded System Directive: org.apache.velocity.runtime.directive.Foreach
2020-04-21 09:39:51,256 - Created '20' parsers.
2020-04-21 09:39:51,258 - Velocimacro : "velocimacro.library" is not set.  Trying default library: VM_global_library.vm
2020-04-21 09:39:51,258 - Velocimacro : Default library not found.
2020-04-21 09:39:51,258 - Velocimacro : allowInline = true : VMs can be defined inline in templates
2020-04-21 09:39:51,258 - Velocimacro : allowInlineToOverride = false : VMs defined inline may NOT replace previous VM definitions
2020-04-21 09:39:51,258 - Velocimacro : allowInlineLocal = false : VMs defined inline will be global in scope if allowed.
2020-04-21 09:39:51,258 - Velocimacro : autoload off : VM system will not automatically reload global library macros
2020-04-21 10:02:59,327 - Log4JLogChute initialized using file 'velocity.log'
2020-04-21 10:02:59,328 - Velocity was not initialized! Calling init()...
2020-04-21 10:02:59,328 - Starting Apache Velocity v1.5 (compiled: 2007-02-22 08:52:29)
2020-04-21 10:02:59,328 - Default Properties File: org\apache\velocity\runtime\defaults\velocity.properties
2020-04-21 10:02:59,328 - Trying to use logger class org.apache.velocity.runtime.log.AvalonLogChute
2020-04-21 10:02:59,328 - Couldn't find class org.apache.velocity.runtime.log.AvalonLogChute or necessary supporting classes in classpath.
java.lang.NoClassDefFoundError: org/apache/log/format/Formatter
	at java.lang.Class.forName0(Native Method)
	at java.lang.Class.forName(Unknown Source)
	at org.apache.velocity.util.ClassUtils.getClass(ClassUtils.java:63)
	at org.apache.velocity.util.ClassUtils.getNewInstance(ClassUtils.java:95)
	at org.apache.velocity.runtime.log.LogManager.createLogChute(LogManager.java:147)
	at org.apache.velocity.runtime.log.LogManager.updateLog(LogManager.java:208)
	at org.apache.velocity.runtime.RuntimeInstance.initializeLog(RuntimeInstance.java:728)
	at org.apache.velocity.runtime.RuntimeInstance.init(RuntimeInstance.java:240)
	at org.apache.velocity.runtime.RuntimeInstance.parse(RuntimeInstance.java:993)
	at org.apache.velocity.runtime.RuntimeInstance.parse(RuntimeInstance.java:972)
	at org.apache.velocity.runtime.RuntimeSingleton.parse(RuntimeSingleton.java:265)
	at org.apache.velocity.app.Velocity.evaluate(Velocity.java:274)
	at org.sonatype.mavenbook.weather.WeatherFormatter.format(WeatherFormatter.java:21)
	at org.sonatype.mavenbook.weather.WeatherFormatterTest.testFormat(WeatherFormatterTest.java:23)
	at sun.reflect.NativeMethodAccessorImpl.invoke0(Native Method)
	at sun.reflect.NativeMethodAccessorImpl.invoke(Unknown Source)
	at sun.reflect.DelegatingMethodAccessorImpl.invoke(Unknown Source)
	at java.lang.reflect.Method.invoke(Unknown Source)
	at junit.framework.TestCase.runTest(TestCase.java:176)
	at junit.framework.TestCase.runBare(TestCase.java:141)
	at junit.framework.TestResult$1.protect(TestResult.java:122)
	at junit.framework.TestResult.runProtected(TestResult.java:142)
	at junit.framework.TestResult.run(TestResult.java:125)
	at junit.framework.TestCase.run(TestCase.java:129)
	at junit.framework.TestSuite.runTest(TestSuite.java:252)
	at junit.framework.TestSuite.run(TestSuite.java:247)
	at org.junit.internal.runners.JUnit38ClassRunner.run(JUnit38ClassRunner.java:86)
	at org.apache.maven.surefire.junit4.JUnit4Provider.execute(JUnit4Provider.java:365)
	at org.apache.maven.surefire.junit4.JUnit4Provider.executeWithRerun(JUnit4Provider.java:273)
	at org.apache.maven.surefire.junit4.JUnit4Provider.executeTestSet(JUnit4Provider.java:238)
	at org.apache.maven.surefire.junit4.JUnit4Provider.invoke(JUnit4Provider.java:159)
	at org.apache.maven.surefire.booter.ForkedBooter.invokeProviderInSameClassLoader(ForkedBooter.java:384)
	at org.apache.maven.surefire.booter.ForkedBooter.runSuitesInProcess(ForkedBooter.java:345)
	at org.apache.maven.surefire.booter.ForkedBooter.execute(ForkedBooter.java:126)
	at org.apache.maven.surefire.booter.ForkedBooter.main(ForkedBooter.java:418)
Caused by: java.lang.ClassNotFoundException: org.apache.log.format.Formatter
	at java.net.URLClassLoader.findClass(Unknown Source)
	at java.lang.ClassLoader.loadClass(Unknown Source)
	at sun.misc.Launcher$AppClassLoader.loadClass(Unknown Source)
	at java.lang.ClassLoader.loadClass(Unknown Source)
	... 35 more
2020-04-21 10:02:59,329 - Trying to use logger class org.apache.velocity.runtime.log.Log4JLogChute
2020-04-21 10:02:59,329 - Using logger class org.apache.velocity.runtime.log.Log4JLogChute
2020-04-21 10:02:59,330 - Default ResourceManager initializing. (class org.apache.velocity.runtime.resource.ResourceManagerImpl)
2020-04-21 10:02:59,332 - ResourceLoader instantiated: org.apache.velocity.runtime.resource.loader.FileResourceLoader
2020-04-21 10:02:59,333 - Do unicode file recognition:  false
2020-04-21 10:02:59,333 - FileResourceLoader : adding path '.'
2020-04-21 10:02:59,339 - ResourceCache: initialized (class org.apache.velocity.runtime.resource.ResourceCacheImpl)
2020-04-21 10:02:59,339 - Loaded System Directive: org.apache.velocity.runtime.directive.Literal
2020-04-21 10:02:59,340 - Loaded System Directive: org.apache.velocity.runtime.directive.Macro
2020-04-21 10:02:59,341 - Loaded System Directive: org.apache.velocity.runtime.directive.Parse
2020-04-21 10:02:59,341 - Loaded System Directive: org.apache.velocity.runtime.directive.Include
2020-04-21 10:02:59,342 - Loaded System Directive: org.apache.velocity.runtime.directive.Foreach
2020-04-21 10:02:59,355 - Created '20' parsers.
2020-04-21 10:02:59,358 - Velocimacro : "velocimacro.library" is not set.  Trying default library: VM_global_library.vm
2020-04-21 10:02:59,358 - Velocimacro : Default library not found.
2020-04-21 10:02:59,358 - Velocimacro : allowInline = true : VMs can be defined inline in templates
2020-04-21 10:02:59,358 - Velocimacro : allowInlineToOverride = false : VMs defined inline may NOT replace previous VM definitions
2020-04-21 10:02:59,358 - Velocimacro : allowInlineLocal = false : VMs defined inline will be global in scope if allowed.
2020-04-21 10:02:59,358 - Velocimacro : autoload off : VM system will not automatically reload global library macros
2020-04-21 10:04:23,048 - Log4JLogChute initialized using file 'velocity.log'
2020-04-21 10:04:23,048 - Velocity was not initialized! Calling init()...
2020-04-21 10:04:23,048 - Starting Apache Velocity v1.5 (compiled: 2007-02-22 08:52:29)
2020-04-21 10:04:23,048 - Default Properties File: org\apache\velocity\runtime\defaults\velocity.properties
2020-04-21 10:04:23,048 - Trying to use logger class org.apache.velocity.runtime.log.AvalonLogChute
2020-04-21 10:04:23,048 - Couldn't find class org.apache.velocity.runtime.log.AvalonLogChute or necessary supporting classes in classpath.
java.lang.NoClassDefFoundError: org/apache/log/format/Formatter
	at java.base/java.lang.Class.forName0(Native Method)
	at java.base/java.lang.Class.forName(Class.java:416)
	at org.apache.velocity.util.ClassUtils.getClass(ClassUtils.java:63)
	at org.apache.velocity.util.ClassUtils.getNewInstance(ClassUtils.java:95)
	at org.apache.velocity.runtime.log.LogManager.createLogChute(LogManager.java:147)
	at org.apache.velocity.runtime.log.LogManager.updateLog(LogManager.java:208)
	at org.apache.velocity.runtime.RuntimeInstance.initializeLog(RuntimeInstance.java:728)
	at org.apache.velocity.runtime.RuntimeInstance.init(RuntimeInstance.java:240)
	at org.apache.velocity.runtime.RuntimeInstance.parse(RuntimeInstance.java:993)
	at org.apache.velocity.runtime.RuntimeInstance.parse(RuntimeInstance.java:972)
	at org.apache.velocity.runtime.RuntimeSingleton.parse(RuntimeSingleton.java:265)
	at org.apache.velocity.app.Velocity.evaluate(Velocity.java:274)
	at org.sonatype.mavenbook.weather.WeatherFormatter.format(WeatherFormatter.java:21)
	at org.sonatype.mavenbook.weather.Main.start(Main.java:38)
	at org.sonatype.mavenbook.weather.Main.main(Main.java:21)
	at java.base/jdk.internal.reflect.NativeMethodAccessorImpl.invoke0(Native Method)
	at java.base/jdk.internal.reflect.NativeMethodAccessorImpl.invoke(NativeMethodAccessorImpl.java:62)
	at java.base/jdk.internal.reflect.DelegatingMethodAccessorImpl.invoke(DelegatingMethodAccessorImpl.java:43)
	at java.base/java.lang.reflect.Method.invoke(Method.java:567)
	at org.codehaus.mojo.exec.ExecJavaMojo$1.run(ExecJavaMojo.java:282)
	at java.base/java.lang.Thread.run(Thread.java:830)
Caused by: java.lang.ClassNotFoundException: org.apache.log.format.Formatter
	at java.base/java.net.URLClassLoader.findClass(URLClassLoader.java:436)
	at java.base/java.lang.ClassLoader.loadClass(ClassLoader.java:588)
	at java.base/java.lang.ClassLoader.loadClass(ClassLoader.java:521)
	... 21 more
2020-04-21 10:04:23,049 - Trying to use logger class org.apache.velocity.runtime.log.Log4JLogChute
2020-04-21 10:04:23,049 - Using logger class org.apache.velocity.runtime.log.Log4JLogChute
2020-04-21 10:04:23,050 - Default ResourceManager initializing. (class org.apache.velocity.runtime.resource.ResourceManagerImpl)
2020-04-21 10:04:23,052 - ResourceLoader instantiated: org.apache.velocity.runtime.resource.loader.FileResourceLoader
2020-04-21 10:04:23,052 - Do unicode file recognition:  false
2020-04-21 10:04:23,052 - FileResourceLoader : adding path '.'
2020-04-21 10:04:23,057 - ResourceCache: initialized (class org.apache.velocity.runtime.resource.ResourceCacheImpl)
2020-04-21 10:04:23,058 - Loaded System Directive: org.apache.velocity.runtime.directive.Literal
2020-04-21 10:04:23,058 - Loaded System Directive: org.apache.velocity.runtime.directive.Macro
2020-04-21 10:04:23,059 - Loaded System Directive: org.apache.velocity.runtime.directive.Parse
2020-04-21 10:04:23,059 - Loaded System Directive: org.apache.velocity.runtime.directive.Include
2020-04-21 10:04:23,060 - Loaded System Directive: org.apache.velocity.runtime.directive.Foreach
2020-04-21 10:04:23,072 - Created '20' parsers.
2020-04-21 10:04:23,074 - Velocimacro : "velocimacro.library" is not set.  Trying default library: VM_global_library.vm
2020-04-21 10:04:23,074 - Velocimacro : Default library not found.
2020-04-21 10:04:23,074 - Velocimacro : allowInline = true : VMs can be defined inline in templates
2020-04-21 10:04:23,074 - Velocimacro : allowInlineToOverride = false : VMs defined inline may NOT replace previous VM definitions
2020-04-21 10:04:23,074 - Velocimacro : allowInlineLocal = false : VMs defined inline will be global in scope if allowed.
2020-04-21 10:04:23,074 - Velocimacro : autoload off : VM system will not automatically reload global library macros
2020-04-21 10:27:06,902 - Log4JLogChute initialized using file 'velocity.log'
2020-04-21 10:27:06,903 - Velocity was not initialized! Calling init()...
2020-04-21 10:27:06,903 - Starting Apache Velocity v1.5 (compiled: 2007-02-22 08:52:29)
2020-04-21 10:27:06,903 - Default Properties File: org\apache\velocity\runtime\defaults\velocity.properties
2020-04-21 10:27:06,903 - Trying to use logger class org.apache.velocity.runtime.log.AvalonLogChute
2020-04-21 10:27:06,903 - Couldn't find class org.apache.velocity.runtime.log.AvalonLogChute or necessary supporting classes in classpath.
java.lang.NoClassDefFoundError: org/apache/log/format/Formatter
	at java.lang.Class.forName0(Native Method)
	at java.lang.Class.forName(Unknown Source)
	at org.apache.velocity.util.ClassUtils.getClass(ClassUtils.java:63)
	at org.apache.velocity.util.ClassUtils.getNewInstance(ClassUtils.java:95)
	at org.apache.velocity.runtime.log.LogManager.createLogChute(LogManager.java:147)
	at org.apache.velocity.runtime.log.LogManager.updateLog(LogManager.java:208)
	at org.apache.velocity.runtime.RuntimeInstance.initializeLog(RuntimeInstance.java:728)
	at org.apache.velocity.runtime.RuntimeInstance.init(RuntimeInstance.java:240)
	at org.apache.velocity.runtime.RuntimeInstance.parse(RuntimeInstance.java:993)
	at org.apache.velocity.runtime.RuntimeInstance.parse(RuntimeInstance.java:972)
	at org.apache.velocity.runtime.RuntimeSingleton.parse(RuntimeSingleton.java:265)
	at org.apache.velocity.app.Velocity.evaluate(Velocity.java:274)
	at org.sonatype.mavenbook.weather.WeatherFormatter.format(WeatherFormatter.java:21)
	at org.sonatype.mavenbook.weather.WeatherFormatterTest.testFormat(WeatherFormatterTest.java:23)
	at sun.reflect.NativeMethodAccessorImpl.invoke0(Native Method)
	at sun.reflect.NativeMethodAccessorImpl.invoke(Unknown Source)
	at sun.reflect.DelegatingMethodAccessorImpl.invoke(Unknown Source)
	at java.lang.reflect.Method.invoke(Unknown Source)
	at junit.framework.TestCase.runTest(TestCase.java:176)
	at junit.framework.TestCase.runBare(TestCase.java:141)
	at junit.framework.TestResult$1.protect(TestResult.java:122)
	at junit.framework.TestResult.runProtected(TestResult.java:142)
	at junit.framework.TestResult.run(TestResult.java:125)
	at junit.framework.TestCase.run(TestCase.java:129)
	at junit.framework.TestSuite.runTest(TestSuite.java:252)
	at junit.framework.TestSuite.run(TestSuite.java:247)
	at org.junit.internal.runners.JUnit38ClassRunner.run(JUnit38ClassRunner.java:86)
	at org.apache.maven.surefire.junit4.JUnit4Provider.execute(JUnit4Provider.java:365)
	at org.apache.maven.surefire.junit4.JUnit4Provider.executeWithRerun(JUnit4Provider.java:273)
	at org.apache.maven.surefire.junit4.JUnit4Provider.executeTestSet(JUnit4Provider.java:238)
	at org.apache.maven.surefire.junit4.JUnit4Provider.invoke(JUnit4Provider.java:159)
	at org.apache.maven.surefire.booter.ForkedBooter.invokeProviderInSameClassLoader(ForkedBooter.java:384)
	at org.apache.maven.surefire.booter.ForkedBooter.runSuitesInProcess(ForkedBooter.java:345)
	at org.apache.maven.surefire.booter.ForkedBooter.execute(ForkedBooter.java:126)
	at org.apache.maven.surefire.booter.ForkedBooter.main(ForkedBooter.java:418)
Caused by: java.lang.ClassNotFoundException: org.apache.log.format.Formatter
	at java.net.URLClassLoader.findClass(Unknown Source)
	at java.lang.ClassLoader.loadClass(Unknown Source)
	at sun.misc.Launcher$AppClassLoader.loadClass(Unknown Source)
	at java.lang.ClassLoader.loadClass(Unknown Source)
	... 35 more
2020-04-21 10:27:06,904 - Trying to use logger class org.apache.velocity.runtime.log.Log4JLogChute
2020-04-21 10:27:06,904 - Using logger class org.apache.velocity.runtime.log.Log4JLogChute
2020-04-21 10:27:06,905 - Default ResourceManager initializing. (class org.apache.velocity.runtime.resource.ResourceManagerImpl)
2020-04-21 10:27:06,907 - ResourceLoader instantiated: org.apache.velocity.runtime.resource.loader.FileResourceLoader
2020-04-21 10:27:06,907 - Do unicode file recognition:  false
2020-04-21 10:27:06,907 - FileResourceLoader : adding path '.'
2020-04-21 10:27:06,913 - ResourceCache: initialized (class org.apache.velocity.runtime.resource.ResourceCacheImpl)
2020-04-21 10:27:06,914 - Loaded System Directive: org.apache.velocity.runtime.directive.Literal
2020-04-21 10:27:06,915 - Loaded System Directive: org.apache.velocity.runtime.directive.Macro
2020-04-21 10:27:06,916 - Loaded System Directive: org.apache.velocity.runtime.directive.Parse
2020-04-21 10:27:06,916 - Loaded System Directive: org.apache.velocity.runtime.directive.Include
2020-04-21 10:27:06,917 - Loaded System Directive: org.apache.velocity.runtime.directive.Foreach
2020-04-21 10:27:06,930 - Created '20' parsers.
2020-04-21 10:27:06,936 - Velocimacro : "velocimacro.library" is not set.  Trying default library: VM_global_library.vm
2020-04-21 10:27:06,936 - Velocimacro : Default library not found.
2020-04-21 10:27:06,936 - Velocimacro : allowInline = true : VMs can be defined inline in templates
2020-04-21 10:27:06,936 - Velocimacro : allowInlineToOverride = false : VMs defined inline may NOT replace previous VM definitions
2020-04-21 10:27:06,936 - Velocimacro : allowInlineLocal = false : VMs defined inline will be global in scope if allowed.
2020-04-21 10:27:06,936 - Velocimacro : autoload off : VM system will not automatically reload global library macros
2020-04-21 10:28:37,091 - Log4JLogChute initialized using file 'velocity.log'
2020-04-21 10:28:37,091 - Velocity was not initialized! Calling init()...
2020-04-21 10:28:37,091 - Starting Apache Velocity v1.5 (compiled: 2007-02-22 08:52:29)
2020-04-21 10:28:37,091 - Default Properties File: org\apache\velocity\runtime\defaults\velocity.properties
2020-04-21 10:28:37,091 - Trying to use logger class org.apache.velocity.runtime.log.AvalonLogChute
2020-04-21 10:28:37,092 - Couldn't find class org.apache.velocity.runtime.log.AvalonLogChute or necessary supporting classes in classpath.
java.lang.NoClassDefFoundError: org/apache/log/format/Formatter
	at java.base/java.lang.Class.forName0(Native Method)
	at java.base/java.lang.Class.forName(Class.java:416)
	at org.apache.velocity.util.ClassUtils.getClass(ClassUtils.java:63)
	at org.apache.velocity.util.ClassUtils.getNewInstance(ClassUtils.java:95)
	at org.apache.velocity.runtime.log.LogManager.createLogChute(LogManager.java:147)
	at org.apache.velocity.runtime.log.LogManager.updateLog(LogManager.java:208)
	at org.apache.velocity.runtime.RuntimeInstance.initializeLog(RuntimeInstance.java:728)
	at org.apache.velocity.runtime.RuntimeInstance.init(RuntimeInstance.java:240)
	at org.apache.velocity.runtime.RuntimeInstance.parse(RuntimeInstance.java:993)
	at org.apache.velocity.runtime.RuntimeInstance.parse(RuntimeInstance.java:972)
	at org.apache.velocity.runtime.RuntimeSingleton.parse(RuntimeSingleton.java:265)
	at org.apache.velocity.app.Velocity.evaluate(Velocity.java:274)
	at org.sonatype.mavenbook.weather.WeatherFormatter.format(WeatherFormatter.java:21)
	at org.sonatype.mavenbook.weather.Main.start(Main.java:38)
	at org.sonatype.mavenbook.weather.Main.main(Main.java:21)
	at java.base/jdk.internal.reflect.NativeMethodAccessorImpl.invoke0(Native Method)
	at java.base/jdk.internal.reflect.NativeMethodAccessorImpl.invoke(NativeMethodAccessorImpl.java:62)
	at java.base/jdk.internal.reflect.DelegatingMethodAccessorImpl.invoke(DelegatingMethodAccessorImpl.java:43)
	at java.base/java.lang.reflect.Method.invoke(Method.java:567)
	at org.codehaus.mojo.exec.ExecJavaMojo$1.run(ExecJavaMojo.java:282)
	at java.base/java.lang.Thread.run(Thread.java:830)
Caused by: java.lang.ClassNotFoundException: org.apache.log.format.Formatter
	at java.base/java.net.URLClassLoader.findClass(URLClassLoader.java:436)
	at java.base/java.lang.ClassLoader.loadClass(ClassLoader.java:588)
	at java.base/java.lang.ClassLoader.loadClass(ClassLoader.java:521)
	... 21 more
2020-04-21 10:28:37,093 - Trying to use logger class org.apache.velocity.runtime.log.Log4JLogChute
2020-04-21 10:28:37,093 - Using logger class org.apache.velocity.runtime.log.Log4JLogChute
2020-04-21 10:28:37,093 - Default ResourceManager initializing. (class org.apache.velocity.runtime.resource.ResourceManagerImpl)
2020-04-21 10:28:37,095 - ResourceLoader instantiated: org.apache.velocity.runtime.resource.loader.FileResourceLoader
2020-04-21 10:28:37,095 - Do unicode file recognition:  false
2020-04-21 10:28:37,095 - FileResourceLoader : adding path '.'
2020-04-21 10:28:37,100 - ResourceCache: initialized (class org.apache.velocity.runtime.resource.ResourceCacheImpl)
2020-04-21 10:28:37,101 - Loaded System Directive: org.apache.velocity.runtime.directive.Literal
2020-04-21 10:28:37,101 - Loaded System Directive: org.apache.velocity.runtime.directive.Macro
2020-04-21 10:28:37,102 - Loaded System Directive: org.apache.velocity.runtime.directive.Parse
2020-04-21 10:28:37,102 - Loaded System Directive: org.apache.velocity.runtime.directive.Include
2020-04-21 10:28:37,103 - Loaded System Directive: org.apache.velocity.runtime.directive.Foreach
2020-04-21 10:28:37,117 - Created '20' parsers.
2020-04-21 10:28:37,119 - Velocimacro : "velocimacro.library" is not set.  Trying default library: VM_global_library.vm
2020-04-21 10:28:37,119 - Velocimacro : Default library not found.
2020-04-21 10:28:37,119 - Velocimacro : allowInline = true : VMs can be defined inline in templates
2020-04-21 10:28:37,119 - Velocimacro : allowInlineToOverride = false : VMs defined inline may NOT replace previous VM definitions
2020-04-21 10:28:37,119 - Velocimacro : allowInlineLocal = false : VMs defined inline will be global in scope if allowed.
2020-04-21 10:28:37,119 - Velocimacro : autoload off : VM system will not automatically reload global library macros
2020-04-21 10:47:56,951 - Log4JLogChute initialized using file 'velocity.log'
2020-04-21 10:47:56,951 - Velocity was not initialized! Calling init()...
2020-04-21 10:47:56,951 - Starting Apache Velocity v1.5 (compiled: 2007-02-22 08:52:29)
2020-04-21 10:47:56,951 - Default Properties File: org\apache\velocity\runtime\defaults\velocity.properties
2020-04-21 10:47:56,951 - Trying to use logger class org.apache.velocity.runtime.log.AvalonLogChute
2020-04-21 10:47:56,952 - Couldn't find class org.apache.velocity.runtime.log.AvalonLogChute or necessary supporting classes in classpath.
java.lang.NoClassDefFoundError: org/apache/log/format/Formatter
	at java.lang.Class.forName0(Native Method)
	at java.lang.Class.forName(Unknown Source)
	at org.apache.velocity.util.ClassUtils.getClass(ClassUtils.java:63)
	at org.apache.velocity.util.ClassUtils.getNewInstance(ClassUtils.java:95)
	at org.apache.velocity.runtime.log.LogManager.createLogChute(LogManager.java:147)
	at org.apache.velocity.runtime.log.LogManager.updateLog(LogManager.java:208)
	at org.apache.velocity.runtime.RuntimeInstance.initializeLog(RuntimeInstance.java:728)
	at org.apache.velocity.runtime.RuntimeInstance.init(RuntimeInstance.java:240)
	at org.apache.velocity.runtime.RuntimeInstance.parse(RuntimeInstance.java:993)
	at org.apache.velocity.runtime.RuntimeInstance.parse(RuntimeInstance.java:972)
	at org.apache.velocity.runtime.RuntimeSingleton.parse(RuntimeSingleton.java:265)
	at org.apache.velocity.app.Velocity.evaluate(Velocity.java:274)
	at org.sonatype.mavenbook.weather.WeatherFormatter.format(WeatherFormatter.java:21)
	at org.sonatype.mavenbook.weather.WeatherFormatterTest.testFormat(WeatherFormatterTest.java:23)
	at sun.reflect.NativeMethodAccessorImpl.invoke0(Native Method)
	at sun.reflect.NativeMethodAccessorImpl.invoke(Unknown Source)
	at sun.reflect.DelegatingMethodAccessorImpl.invoke(Unknown Source)
	at java.lang.reflect.Method.invoke(Unknown Source)
	at junit.framework.TestCase.runTest(TestCase.java:176)
	at junit.framework.TestCase.runBare(TestCase.java:141)
	at junit.framework.TestResult$1.protect(TestResult.java:122)
	at junit.framework.TestResult.runProtected(TestResult.java:142)
	at junit.framework.TestResult.run(TestResult.java:125)
	at junit.framework.TestCase.run(TestCase.java:129)
	at junit.framework.TestSuite.runTest(TestSuite.java:252)
	at junit.framework.TestSuite.run(TestSuite.java:247)
	at org.junit.internal.runners.JUnit38ClassRunner.run(JUnit38ClassRunner.java:86)
	at org.apache.maven.surefire.junit4.JUnit4Provider.execute(JUnit4Provider.java:365)
	at org.apache.maven.surefire.junit4.JUnit4Provider.executeWithRerun(JUnit4Provider.java:273)
	at org.apache.maven.surefire.junit4.JUnit4Provider.executeTestSet(JUnit4Provider.java:238)
	at org.apache.maven.surefire.junit4.JUnit4Provider.invoke(JUnit4Provider.java:159)
	at org.apache.maven.surefire.booter.ForkedBooter.invokeProviderInSameClassLoader(ForkedBooter.java:384)
	at org.apache.maven.surefire.booter.ForkedBooter.runSuitesInProcess(ForkedBooter.java:345)
	at org.apache.maven.surefire.booter.ForkedBooter.execute(ForkedBooter.java:126)
	at org.apache.maven.surefire.booter.ForkedBooter.main(ForkedBooter.java:418)
Caused by: java.lang.ClassNotFoundException: org.apache.log.format.Formatter
	at java.net.URLClassLoader.findClass(Unknown Source)
	at java.lang.ClassLoader.loadClass(Unknown Source)
	at sun.misc.Launcher$AppClassLoader.loadClass(Unknown Source)
	at java.lang.ClassLoader.loadClass(Unknown Source)
	... 35 more
2020-04-21 10:47:56,953 - Trying to use logger class org.apache.velocity.runtime.log.Log4JLogChute
2020-04-21 10:47:56,953 - Using logger class org.apache.velocity.runtime.log.Log4JLogChute
2020-04-21 10:47:56,954 - Default ResourceManager initializing. (class org.apache.velocity.runtime.resource.ResourceManagerImpl)
2020-04-21 10:47:56,956 - ResourceLoader instantiated: org.apache.velocity.runtime.resource.loader.FileResourceLoader
2020-04-21 10:47:56,957 - Do unicode file recognition:  false
2020-04-21 10:47:56,957 - FileResourceLoader : adding path '.'
2020-04-21 10:47:56,964 - ResourceCache: initialized (class org.apache.velocity.runtime.resource.ResourceCacheImpl)
2020-04-21 10:47:56,965 - Loaded System Directive: org.apache.velocity.runtime.directive.Literal
2020-04-21 10:47:56,966 - Loaded System Directive: org.apache.velocity.runtime.directive.Macro
2020-04-21 10:47:56,967 - Loaded System Directive: org.apache.velocity.runtime.directive.Parse
2020-04-21 10:47:56,967 - Loaded System Directive: org.apache.velocity.runtime.directive.Include
2020-04-21 10:47:56,968 - Loaded System Directive: org.apache.velocity.runtime.directive.Foreach
2020-04-21 10:47:56,985 - Created '20' parsers.
2020-04-21 10:47:56,990 - Velocimacro : "velocimacro.library" is not set.  Trying default library: VM_global_library.vm
2020-04-21 10:47:56,990 - Velocimacro : Default library not found.
2020-04-21 10:47:56,990 - Velocimacro : allowInline = true : VMs can be defined inline in templates
2020-04-21 10:47:56,991 - Velocimacro : allowInlineToOverride = false : VMs defined inline may NOT replace previous VM definitions
2020-04-21 10:47:56,991 - Velocimacro : allowInlineLocal = false : VMs defined inline will be global in scope if allowed.
2020-04-21 10:47:56,991 - Velocimacro : autoload off : VM system will not automatically reload global library macros
2020-04-21 10:48:05,708 - Log4JLogChute initialized using file 'velocity.log'
2020-04-21 10:48:05,708 - Velocity was not initialized! Calling init()...
2020-04-21 10:48:05,708 - Starting Apache Velocity v1.5 (compiled: 2007-02-22 08:52:29)
2020-04-21 10:48:05,708 - Default Properties File: org\apache\velocity\runtime\defaults\velocity.properties
2020-04-21 10:48:05,708 - Trying to use logger class org.apache.velocity.runtime.log.AvalonLogChute
2020-04-21 10:48:05,709 - Couldn't find class org.apache.velocity.runtime.log.AvalonLogChute or necessary supporting classes in classpath.
java.lang.NoClassDefFoundError: org/apache/log/format/Formatter
	at java.base/java.lang.Class.forName0(Native Method)
	at java.base/java.lang.Class.forName(Class.java:416)
	at org.apache.velocity.util.ClassUtils.getClass(ClassUtils.java:63)
	at org.apache.velocity.util.ClassUtils.getNewInstance(ClassUtils.java:95)
	at org.apache.velocity.runtime.log.LogManager.createLogChute(LogManager.java:147)
	at org.apache.velocity.runtime.log.LogManager.updateLog(LogManager.java:208)
	at org.apache.velocity.runtime.RuntimeInstance.initializeLog(RuntimeInstance.java:728)
	at org.apache.velocity.runtime.RuntimeInstance.init(RuntimeInstance.java:240)
	at org.apache.velocity.runtime.RuntimeInstance.parse(RuntimeInstance.java:993)
	at org.apache.velocity.runtime.RuntimeInstance.parse(RuntimeInstance.java:972)
	at org.apache.velocity.runtime.RuntimeSingleton.parse(RuntimeSingleton.java:265)
	at org.apache.velocity.app.Velocity.evaluate(Velocity.java:274)
	at org.sonatype.mavenbook.weather.WeatherFormatter.format(WeatherFormatter.java:21)
	at org.sonatype.mavenbook.weather.Main.start(Main.java:38)
	at org.sonatype.mavenbook.weather.Main.main(Main.java:21)
	at java.base/jdk.internal.reflect.NativeMethodAccessorImpl.invoke0(Native Method)
	at java.base/jdk.internal.reflect.NativeMethodAccessorImpl.invoke(NativeMethodAccessorImpl.java:62)
	at java.base/jdk.internal.reflect.DelegatingMethodAccessorImpl.invoke(DelegatingMethodAccessorImpl.java:43)
	at java.base/java.lang.reflect.Method.invoke(Method.java:567)
	at org.codehaus.mojo.exec.ExecJavaMojo$1.run(ExecJavaMojo.java:282)
	at java.base/java.lang.Thread.run(Thread.java:830)
Caused by: java.lang.ClassNotFoundException: org.apache.log.format.Formatter
	at java.base/java.net.URLClassLoader.findClass(URLClassLoader.java:436)
	at java.base/java.lang.ClassLoader.loadClass(ClassLoader.java:588)
	at java.base/java.lang.ClassLoader.loadClass(ClassLoader.java:521)
	... 21 more
2020-04-21 10:48:05,710 - Trying to use logger class org.apache.velocity.runtime.log.Log4JLogChute
2020-04-21 10:48:05,710 - Using logger class org.apache.velocity.runtime.log.Log4JLogChute
2020-04-21 10:48:05,711 - Default ResourceManager initializing. (class org.apache.velocity.runtime.resource.ResourceManagerImpl)
2020-04-21 10:48:05,713 - ResourceLoader instantiated: org.apache.velocity.runtime.resource.loader.FileResourceLoader
2020-04-21 10:48:05,714 - Do unicode file recognition:  false
2020-04-21 10:48:05,714 - FileResourceLoader : adding path '.'
2020-04-21 10:48:05,720 - ResourceCache: initialized (class org.apache.velocity.runtime.resource.ResourceCacheImpl)
2020-04-21 10:48:05,721 - Loaded System Directive: org.apache.velocity.runtime.directive.Literal
2020-04-21 10:48:05,721 - Loaded System Directive: org.apache.velocity.runtime.directive.Macro
2020-04-21 10:48:05,722 - Loaded System Directive: org.apache.velocity.runtime.directive.Parse
2020-04-21 10:48:05,722 - Loaded System Directive: org.apache.velocity.runtime.directive.Include
2020-04-21 10:48:05,723 - Loaded System Directive: org.apache.velocity.runtime.directive.Foreach
2020-04-21 10:48:05,740 - Created '20' parsers.
2020-04-21 10:48:05,743 - Velocimacro : "velocimacro.library" is not set.  Trying default library: VM_global_library.vm
2020-04-21 10:48:05,744 - Velocimacro : Default library not found.
2020-04-21 10:48:05,744 - Velocimacro : allowInline = true : VMs can be defined inline in templates
2020-04-21 10:48:05,744 - Velocimacro : allowInlineToOverride = false : VMs defined inline may NOT replace previous VM definitions
2020-04-21 10:48:05,744 - Velocimacro : allowInlineLocal = false : VMs defined inline will be global in scope if allowed.
2020-04-21 10:48:05,744 - Velocimacro : autoload off : VM system will not automatically reload global library macros
